2019-02-25 12:59:20,975 [ERROR]  - Resource '/IntergyTest/assemblies' does not exist.
org.eclipse.core.internal.resources.ResourceException: Resource '/IntergyTest/assemblies' does not exist.
	at org.eclipse.core.internal.resources.Resource.checkExists(Resource.java:334)
	at org.eclipse.core.internal.resources.Resource.checkAccessible(Resource.java:208)
	at org.eclipse.core.internal.resources.File.create(File.java:109)
	at org.eclipse.core.internal.resources.File.create(File.java:180)
	at com.openedge.pdt.project.ProjectAssemblyManager.setAssemblies(ProjectAssemblyManager.java:234)
	at com.openedge.pdt.ve.properties.VisualEditorAssembliesPage$9.execute(VisualEditorAssembliesPage.java:705)
	at org.eclipse.ui.actions.WorkspaceModifyOperation$1.run(WorkspaceModifyOperation.java:108)
	at org.eclipse.core.internal.resources.Workspace.run(Workspace.java:2241)
	at org.eclipse.ui.actions.WorkspaceModifyOperation.run(WorkspaceModifyOperation.java:130)
	at org.eclipse.jface.operation.ModalContext.runInCurrentThread(ModalContext.java:463)
	at org.eclipse.jface.operation.ModalContext.run(ModalContext.java:371)
	at org.eclipse.jface.dialogs.ProgressMonitorDialog.run(ProgressMonitorDialog.java:500)
	at org.eclipse.ui.internal.progress.ProgressMonitorJobsDialog.run(ProgressMonitorJobsDialog.java:284)
	at org.eclipse.ui.internal.progress.ProgressManager.run(ProgressManager.java:1204)
	at com.openedge.pdt.ve.properties.VisualEditorAssembliesPage$10.run(VisualEditorAssembliesPage.java:723)
	at org.eclipse.core.runtime.SafeRunner.run(SafeRunner.java:42)
	at com.openedge.pdt.ve.properties.VisualEditorAssembliesPage.performOk(VisualEditorAssembliesPage.java:720)
	at org.eclipse.jface.preference.PreferenceDialog$12.run(PreferenceDialog.java:925)
	at org.eclipse.core.runtime.SafeRunner.run(SafeRunner.java:42)
	at org.eclipse.ui.internal.JFaceUtil$1.run(JFaceUtil.java:50)
	at org.eclipse.jface.util.SafeRunnable.run(SafeRunnable.java:173)
	at org.eclipse.jface.preference.PreferenceDialog.okPressed(PreferenceDialog.java:909)
	at org.eclipse.ui.internal.dialogs.FilteredPreferenceDialog.okPressed(FilteredPreferenceDialog.java:409)
	at org.eclipse.jface.preference.PreferenceDialog.buttonPressed(PreferenceDialog.java:233)
	at org.eclipse.jface.dialogs.Dialog$2.widgetSelected(Dialog.java:619)
	at org.eclipse.swt.widgets.TypedListener.handleEvent(TypedListener.java:248)
	at org.eclipse.swt.widgets.EventTable.sendEvent(EventTable.java:84)
	at org.eclipse.swt.widgets.Display.sendEvent(Display.java:4362)
	at org.eclipse.swt.widgets.Widget.sendEvent(Widget.java:1113)
	at org.eclipse.swt.widgets.Display.runDeferredEvents(Display.java:4180)
	at org.eclipse.swt.widgets.Display.readAndDispatch(Display.java:3769)
	at org.eclipse.jface.window.Window.runEventLoop(Window.java:827)
	at org.eclipse.jface.window.Window.open(Window.java:803)
	at org.eclipse.ui.dialogs.PropertyDialogAction.run(PropertyDialogAction.java:157)
	at org.eclipse.jface.action.Action.runWithEvent(Action.java:473)
	at org.eclipse.jface.action.ActionContributionItem.handleWidgetSelection(ActionContributionItem.java:595)
	at org.eclipse.jface.action.ActionContributionItem.access$2(ActionContributionItem.java:511)
	at org.eclipse.jface.action.ActionContributionItem$5.handleEvent(ActionContributionItem.java:420)
	at org.eclipse.swt.widgets.EventTable.sendEvent(EventTable.java:84)
	at org.eclipse.swt.widgets.Display.sendEvent(Display.java:4362)
	at org.eclipse.swt.widgets.Widget.sendEvent(Widget.java:1113)
	at org.eclipse.swt.widgets.Display.runDeferredEvents(Display.java:4180)
	at org.eclipse.swt.widgets.Display.readAndDispatch(Display.java:3769)
	at org.eclipse.e4.ui.internal.workbench.swt.PartRenderingEngine$4.run(PartRenderingEngine.java:1127)
	at org.eclipse.core.databinding.observable.Realm.runWithDefault(Realm.java:337)
	at org.eclipse.e4.ui.internal.workbench.swt.PartRenderingEngine.run(PartRenderingEngine.java:1018)
	at org.eclipse.e4.ui.internal.workbench.E4Workbench.createAndRunUI(E4Workbench.java:156)
	at org.eclipse.ui.internal.Workbench$5.run(Workbench.java:694)
	at org.eclipse.core.databinding.observable.Realm.runWithDefault(Realm.java:337)
	at org.eclipse.ui.internal.Workbench.createAndRunWorkbench(Workbench.java:606)
	at org.eclipse.ui.PlatformUI.createAndRunWorkbench(PlatformUI.java:150)
	at org.eclipse.ui.internal.ide.application.IDEApplication.start(IDEApplication.java:139)
	at org.eclipse.equinox.internal.app.EclipseAppHandle.run(EclipseAppHandle.java:196)
	at org.eclipse.core.runtime.internal.adaptor.EclipseAppLauncher.runApplication(EclipseAppLauncher.java:134)
	at org.eclipse.core.runtime.internal.adaptor.EclipseAppLauncher.start(EclipseAppLauncher.java:104)
	at org.eclipse.core.runtime.adaptor.EclipseStarter.run(EclipseStarter.java:380)
	at org.eclipse.core.runtime.adaptor.EclipseStarter.run(EclipseStarter.java:235)
	at sun.reflect.NativeMethodAccessorImpl.invoke0(Native Method)
	at sun.reflect.NativeMethodAccessorImpl.invoke(NativeMethodAccessorImpl.java:62)
	at sun.reflect.DelegatingMethodAccessorImpl.invoke(DelegatingMethodAccessorImpl.java:43)
	at java.lang.reflect.Method.invoke(Method.java:498)
	at org.eclipse.equinox.launcher.Main.invokeFramework(Main.java:669)
	at org.eclipse.equinox.launcher.Main.basicRun(Main.java:608)
	at org.eclipse.equinox.launcher.Main.run(Main.java:1515)
	at org.eclipse.equinox.launcher.Main.main(Main.java:1488)
2019-02-25 13:09:00,217 [ERROR]  - Resource is out of sync with the file system: '/IntergyTest/assemblies/assemblies.xml'.
org.eclipse.core.internal.resources.ResourceException: Resource is out of sync with the file system: '/IntergyTest/assemblies/assemblies.xml'.
	at org.eclipse.core.internal.localstore.FileSystemResourceManager.write(FileSystemResourceManager.java:1116)
	at org.eclipse.core.internal.resources.File.internalSetContents(File.java:295)
	at org.eclipse.core.internal.resources.File.setContents(File.java:331)
	at org.eclipse.core.internal.resources.File.setContents(File.java:426)
	at com.openedge.pdt.project.ProjectAssemblyManager.setAssemblies(ProjectAssemblyManager.java:232)
	at com.openedge.pdt.ve.properties.VisualEditorAssembliesPage$9.execute(VisualEditorAssembliesPage.java:705)
	at org.eclipse.ui.actions.WorkspaceModifyOperation$1.run(WorkspaceModifyOperation.java:108)
	at org.eclipse.core.internal.resources.Workspace.run(Workspace.java:2241)
	at org.eclipse.ui.actions.WorkspaceModifyOperation.run(WorkspaceModifyOperation.java:130)
	at org.eclipse.jface.operation.ModalContext.runInCurrentThread(ModalContext.java:463)
	at org.eclipse.jface.operation.ModalContext.run(ModalContext.java:371)
	at org.eclipse.jface.dialogs.ProgressMonitorDialog.run(ProgressMonitorDialog.java:500)
	at org.eclipse.ui.internal.progress.ProgressMonitorJobsDialog.run(ProgressMonitorJobsDialog.java:284)
	at org.eclipse.ui.internal.progress.ProgressManager.run(ProgressManager.java:1204)
	at com.openedge.pdt.ve.properties.VisualEditorAssembliesPage$10.run(VisualEditorAssembliesPage.java:723)
	at org.eclipse.core.runtime.SafeRunner.run(SafeRunner.java:42)
	at com.openedge.pdt.ve.properties.VisualEditorAssembliesPage.performOk(VisualEditorAssembliesPage.java:720)
	at org.eclipse.jface.preference.PreferenceDialog$12.run(PreferenceDialog.java:925)
	at org.eclipse.core.runtime.SafeRunner.run(SafeRunner.java:42)
	at org.eclipse.ui.internal.JFaceUtil$1.run(JFaceUtil.java:50)
	at org.eclipse.jface.util.SafeRunnable.run(SafeRunnable.java:173)
	at org.eclipse.jface.preference.PreferenceDialog.okPressed(PreferenceDialog.java:909)
	at org.eclipse.ui.internal.dialogs.FilteredPreferenceDialog.okPressed(FilteredPreferenceDialog.java:409)
	at org.eclipse.jface.preference.PreferenceDialog.buttonPressed(PreferenceDialog.java:233)
	at org.eclipse.jface.dialogs.Dialog$2.widgetSelected(Dialog.java:619)
	at org.eclipse.swt.widgets.TypedListener.handleEvent(TypedListener.java:248)
	at org.eclipse.swt.widgets.EventTable.sendEvent(EventTable.java:84)
	at org.eclipse.swt.widgets.Display.sendEvent(Display.java:4362)
	at org.eclipse.swt.widgets.Widget.sendEvent(Widget.java:1113)
	at org.eclipse.swt.widgets.Display.runDeferredEvents(Display.java:4180)
	at org.eclipse.swt.widgets.Display.readAndDispatch(Display.java:3769)
	at org.eclipse.jface.window.Window.runEventLoop(Window.java:827)
	at org.eclipse.jface.window.Window.open(Window.java:803)
	at org.eclipse.ui.dialogs.PropertyDialogAction.run(PropertyDialogAction.java:157)
	at org.eclipse.jface.action.Action.runWithEvent(Action.java:473)
	at org.eclipse.jface.action.ActionContributionItem.handleWidgetSelection(ActionContributionItem.java:595)
	at org.eclipse.jface.action.ActionContributionItem.access$2(ActionContributionItem.java:511)
	at org.eclipse.jface.action.ActionContributionItem$5.handleEvent(ActionContributionItem.java:420)
	at org.eclipse.swt.widgets.EventTable.sendEvent(EventTable.java:84)
	at org.eclipse.swt.widgets.Display.sendEvent(Display.java:4362)
	at org.eclipse.swt.widgets.Widget.sendEvent(Widget.java:1113)
	at org.eclipse.swt.widgets.Display.runDeferredEvents(Display.java:4180)
	at org.eclipse.swt.widgets.Display.readAndDispatch(Display.java:3769)
	at org.eclipse.e4.ui.internal.workbench.swt.PartRenderingEngine$4.run(PartRenderingEngine.java:1127)
	at org.eclipse.core.databinding.observable.Realm.runWithDefault(Realm.java:337)
	at org.eclipse.e4.ui.internal.workbench.swt.PartRenderingEngine.run(PartRenderingEngine.java:1018)
	at org.eclipse.e4.ui.internal.workbench.E4Workbench.createAndRunUI(E4Workbench.java:156)
	at org.eclipse.ui.internal.Workbench$5.run(Workbench.java:694)
	at org.eclipse.core.databinding.observable.Realm.runWithDefault(Realm.java:337)
	at org.eclipse.ui.internal.Workbench.createAndRunWorkbench(Workbench.java:606)
	at org.eclipse.ui.PlatformUI.createAndRunWorkbench(PlatformUI.java:150)
	at org.eclipse.ui.internal.ide.application.IDEApplication.start(IDEApplication.java:139)
	at org.eclipse.equinox.internal.app.EclipseAppHandle.run(EclipseAppHandle.java:196)
	at org.eclipse.core.runtime.internal.adaptor.EclipseAppLauncher.runApplication(EclipseAppLauncher.java:134)
	at org.eclipse.core.runtime.internal.adaptor.EclipseAppLauncher.start(EclipseAppLauncher.java:104)
	at org.eclipse.core.runtime.adaptor.EclipseStarter.run(EclipseStarter.java:380)
	at org.eclipse.core.runtime.adaptor.EclipseStarter.run(EclipseStarter.java:235)
	at sun.reflect.NativeMethodAccessorImpl.invoke0(Native Method)
	at sun.reflect.NativeMethodAccessorImpl.invoke(NativeMethodAccessorImpl.java:62)
	at sun.reflect.DelegatingMethodAccessorImpl.invoke(DelegatingMethodAccessorImpl.java:43)
	at java.lang.reflect.Method.invoke(Method.java:498)
	at org.eclipse.equinox.launcher.Main.invokeFramework(Main.java:669)
	at org.eclipse.equinox.launcher.Main.basicRun(Main.java:608)
	at org.eclipse.equinox.launcher.Main.run(Main.java:1515)
	at org.eclipse.equinox.launcher.Main.main(Main.java:1488)
2019-02-25 13:10:38,649 [ERROR]  - Resource is out of sync with the file system: '/IntergyTest/assemblies/assemblies.xml'.
org.eclipse.core.internal.resources.ResourceException: Resource is out of sync with the file system: '/IntergyTest/assemblies/assemblies.xml'.
	at org.eclipse.core.internal.localstore.FileSystemResourceManager.write(FileSystemResourceManager.java:1116)
	at org.eclipse.core.internal.resources.File.internalSetContents(File.java:295)
	at org.eclipse.core.internal.resources.File.setContents(File.java:331)
	at org.eclipse.core.internal.resources.File.setContents(File.java:426)
	at com.openedge.pdt.project.ProjectAssemblyManager.setAssemblies(ProjectAssemblyManager.java:232)
	at com.openedge.pdt.ve.properties.VisualEditorAssembliesPage$9.execute(VisualEditorAssembliesPage.java:705)
	at org.eclipse.ui.actions.WorkspaceModifyOperation$1.run(WorkspaceModifyOperation.java:108)
	at org.eclipse.core.internal.resources.Workspace.run(Workspace.java:2241)
	at org.eclipse.ui.actions.WorkspaceModifyOperation.run(WorkspaceModifyOperation.java:130)
	at org.eclipse.jface.operation.ModalContext.runInCurrentThread(ModalContext.java:463)
	at org.eclipse.jface.operation.ModalContext.run(ModalContext.java:371)
	at org.eclipse.jface.dialogs.ProgressMonitorDialog.run(ProgressMonitorDialog.java:500)
	at org.eclipse.ui.internal.progress.ProgressMonitorJobsDialog.run(ProgressMonitorJobsDialog.java:284)
	at org.eclipse.ui.internal.progress.ProgressManager.run(ProgressManager.java:1204)
	at com.openedge.pdt.ve.properties.VisualEditorAssembliesPage$10.run(VisualEditorAssembliesPage.java:723)
	at org.eclipse.core.runtime.SafeRunner.run(SafeRunner.java:42)
	at com.openedge.pdt.ve.properties.VisualEditorAssembliesPage.performOk(VisualEditorAssembliesPage.java:720)
	at org.eclipse.jface.preference.PreferenceDialog$12.run(PreferenceDialog.java:925)
	at org.eclipse.core.runtime.SafeRunner.run(SafeRunner.java:42)
	at org.eclipse.ui.internal.JFaceUtil$1.run(JFaceUtil.java:50)
	at org.eclipse.jface.util.SafeRunnable.run(SafeRunnable.java:173)
	at org.eclipse.jface.preference.PreferenceDialog.okPressed(PreferenceDialog.java:909)
	at org.eclipse.ui.internal.dialogs.FilteredPreferenceDialog.okPressed(FilteredPreferenceDialog.java:409)
	at org.eclipse.jface.preference.PreferenceDialog.buttonPressed(PreferenceDialog.java:233)
	at org.eclipse.jface.dialogs.Dialog$2.widgetSelected(Dialog.java:619)
	at org.eclipse.swt.widgets.TypedListener.handleEvent(TypedListener.java:248)
	at org.eclipse.swt.widgets.EventTable.sendEvent(EventTable.java:84)
	at org.eclipse.swt.widgets.Display.sendEvent(Display.java:4362)
	at org.eclipse.swt.widgets.Widget.sendEvent(Widget.java:1113)
	at org.eclipse.swt.widgets.Display.runDeferredEvents(Display.java:4180)
	at org.eclipse.swt.widgets.Display.readAndDispatch(Display.java:3769)
	at org.eclipse.jface.window.Window.runEventLoop(Window.java:827)
	at org.eclipse.jface.window.Window.open(Window.java:803)
	at org.eclipse.ui.dialogs.PropertyDialogAction.run(PropertyDialogAction.java:157)
	at org.eclipse.jface.action.Action.runWithEvent(Action.java:473)
	at org.eclipse.jface.action.ActionContributionItem.handleWidgetSelection(ActionContributionItem.java:595)
	at org.eclipse.jface.action.ActionContributionItem.access$2(ActionContributionItem.java:511)
	at org.eclipse.jface.action.ActionContributionItem$5.handleEvent(ActionContributionItem.java:420)
	at org.eclipse.swt.widgets.EventTable.sendEvent(EventTable.java:84)
	at org.eclipse.swt.widgets.Display.sendEvent(Display.java:4362)
	at org.eclipse.swt.widgets.Widget.sendEvent(Widget.java:1113)
	at org.eclipse.swt.widgets.Display.runDeferredEvents(Display.java:4180)
	at org.eclipse.swt.widgets.Display.readAndDispatch(Display.java:3769)
	at org.eclipse.e4.ui.internal.workbench.swt.PartRenderingEngine$4.run(PartRenderingEngine.java:1127)
	at org.eclipse.core.databinding.observable.Realm.runWithDefault(Realm.java:337)
	at org.eclipse.e4.ui.internal.workbench.swt.PartRenderingEngine.run(PartRenderingEngine.java:1018)
	at org.eclipse.e4.ui.internal.workbench.E4Workbench.createAndRunUI(E4Workbench.java:156)
	at org.eclipse.ui.internal.Workbench$5.run(Workbench.java:694)
	at org.eclipse.core.databinding.observable.Realm.runWithDefault(Realm.java:337)
	at org.eclipse.ui.internal.Workbench.createAndRunWorkbench(Workbench.java:606)
	at org.eclipse.ui.PlatformUI.createAndRunWorkbench(PlatformUI.java:150)
	at org.eclipse.ui.internal.ide.application.IDEApplication.start(IDEApplication.java:139)
	at org.eclipse.equinox.internal.app.EclipseAppHandle.run(EclipseAppHandle.java:196)
	at org.eclipse.core.runtime.internal.adaptor.EclipseAppLauncher.runApplication(EclipseAppLauncher.java:134)
	at org.eclipse.core.runtime.internal.adaptor.EclipseAppLauncher.start(EclipseAppLauncher.java:104)
	at org.eclipse.core.runtime.adaptor.EclipseStarter.run(EclipseStarter.java:380)
	at org.eclipse.core.runtime.adaptor.EclipseStarter.run(EclipseStarter.java:235)
	at sun.reflect.NativeMethodAccessorImpl.invoke0(Native Method)
	at sun.reflect.NativeMethodAccessorImpl.invoke(NativeMethodAccessorImpl.java:62)
	at sun.reflect.DelegatingMethodAccessorImpl.invoke(DelegatingMethodAccessorImpl.java:43)
	at java.lang.reflect.Method.invoke(Method.java:498)
	at org.eclipse.equinox.launcher.Main.invokeFramework(Main.java:669)
	at org.eclipse.equinox.launcher.Main.basicRun(Main.java:608)
	at org.eclipse.equinox.launcher.Main.run(Main.java:1515)
	at org.eclipse.equinox.launcher.Main.main(Main.java:1488)
2019-02-25 13:30:03,894 [ERROR]  - A resource already exists on disk 'C:\Testing\Code\developerStudio\IntergyTest\assemblies.xml'.
org.eclipse.core.internal.resources.ResourceException: A resource already exists on disk 'C:\Testing\Code\developerStudio\IntergyTest\assemblies.xml'.
	at org.eclipse.core.internal.resources.File.create(File.java:140)
	at org.eclipse.core.internal.resources.File.create(File.java:180)
	at com.openedge.pdt.project.ProjectAssemblyManager.setAssemblies(ProjectAssemblyManager.java:234)
	at com.openedge.pdt.ve.properties.VisualEditorAssembliesPage$9.execute(VisualEditorAssembliesPage.java:705)
	at org.eclipse.ui.actions.WorkspaceModifyOperation$1.run(WorkspaceModifyOperation.java:108)
	at org.eclipse.core.internal.resources.Workspace.run(Workspace.java:2241)
	at org.eclipse.ui.actions.WorkspaceModifyOperation.run(WorkspaceModifyOperation.java:130)
	at org.eclipse.jface.operation.ModalContext.runInCurrentThread(ModalContext.java:463)
	at org.eclipse.jface.operation.ModalContext.run(ModalContext.java:371)
	at org.eclipse.jface.dialogs.ProgressMonitorDialog.run(ProgressMonitorDialog.java:500)
	at org.eclipse.ui.internal.progress.ProgressMonitorJobsDialog.run(ProgressMonitorJobsDialog.java:284)
	at org.eclipse.ui.internal.progress.ProgressManager.run(ProgressManager.java:1204)
	at com.openedge.pdt.ve.properties.VisualEditorAssembliesPage$10.run(VisualEditorAssembliesPage.java:723)
	at org.eclipse.core.runtime.SafeRunner.run(SafeRunner.java:42)
	at com.openedge.pdt.ve.properties.VisualEditorAssembliesPage.performOk(VisualEditorAssembliesPage.java:720)
	at org.eclipse.jface.preference.PreferenceDialog$12.run(PreferenceDialog.java:925)
	at org.eclipse.core.runtime.SafeRunner.run(SafeRunner.java:42)
	at org.eclipse.ui.internal.JFaceUtil$1.run(JFaceUtil.java:50)
	at org.eclipse.jface.util.SafeRunnable.run(SafeRunnable.java:173)
	at org.eclipse.jface.preference.PreferenceDialog.okPressed(PreferenceDialog.java:909)
	at org.eclipse.ui.internal.dialogs.FilteredPreferenceDialog.okPressed(FilteredPreferenceDialog.java:409)
	at org.eclipse.jface.preference.PreferenceDialog.buttonPressed(PreferenceDialog.java:233)
	at org.eclipse.jface.dialogs.Dialog$2.widgetSelected(Dialog.java:619)
	at org.eclipse.swt.widgets.TypedListener.handleEvent(TypedListener.java:248)
	at org.eclipse.swt.widgets.EventTable.sendEvent(EventTable.java:84)
	at org.eclipse.swt.widgets.Display.sendEvent(Display.java:4362)
	at org.eclipse.swt.widgets.Widget.sendEvent(Widget.java:1113)
	at org.eclipse.swt.widgets.Display.runDeferredEvents(Display.java:4180)
	at org.eclipse.swt.widgets.Display.readAndDispatch(Display.java:3769)
	at org.eclipse.jface.window.Window.runEventLoop(Window.java:827)
	at org.eclipse.jface.window.Window.open(Window.java:803)
	at org.eclipse.ui.dialogs.PropertyDialogAction.run(PropertyDialogAction.java:157)
	at org.eclipse.jface.action.Action.runWithEvent(Action.java:473)
	at org.eclipse.jface.action.ActionContributionItem.handleWidgetSelection(ActionContributionItem.java:595)
	at org.eclipse.jface.action.ActionContributionItem.access$2(ActionContributionItem.java:511)
	at org.eclipse.jface.action.ActionContributionItem$5.handleEvent(ActionContributionItem.java:420)
	at org.eclipse.swt.widgets.EventTable.sendEvent(EventTable.java:84)
	at org.eclipse.swt.widgets.Display.sendEvent(Display.java:4362)
	at org.eclipse.swt.widgets.Widget.sendEvent(Widget.java:1113)
	at org.eclipse.swt.widgets.Display.runDeferredEvents(Display.java:4180)
	at org.eclipse.swt.widgets.Display.readAndDispatch(Display.java:3769)
	at org.eclipse.e4.ui.internal.workbench.swt.PartRenderingEngine$4.run(PartRenderingEngine.java:1127)
	at org.eclipse.core.databinding.observable.Realm.runWithDefault(Realm.java:337)
	at org.eclipse.e4.ui.internal.workbench.swt.PartRenderingEngine.run(PartRenderingEngine.java:1018)
	at org.eclipse.e4.ui.internal.workbench.E4Workbench.createAndRunUI(E4Workbench.java:156)
	at org.eclipse.ui.internal.Workbench$5.run(Workbench.java:694)
	at org.eclipse.core.databinding.observable.Realm.runWithDefault(Realm.java:337)
	at org.eclipse.ui.internal.Workbench.createAndRunWorkbench(Workbench.java:606)
	at org.eclipse.ui.PlatformUI.createAndRunWorkbench(PlatformUI.java:150)
	at org.eclipse.ui.internal.ide.application.IDEApplication.start(IDEApplication.java:139)
	at org.eclipse.equinox.internal.app.EclipseAppHandle.run(EclipseAppHandle.java:196)
	at org.eclipse.core.runtime.internal.adaptor.EclipseAppLauncher.runApplication(EclipseAppLauncher.java:134)
	at org.eclipse.core.runtime.internal.adaptor.EclipseAppLauncher.start(EclipseAppLauncher.java:104)
	at org.eclipse.core.runtime.adaptor.EclipseStarter.run(EclipseStarter.java:380)
	at org.eclipse.core.runtime.adaptor.EclipseStarter.run(EclipseStarter.java:235)
	at sun.reflect.NativeMethodAccessorImpl.invoke0(Native Method)
	at sun.reflect.NativeMethodAccessorImpl.invoke(NativeMethodAccessorImpl.java:62)
	at sun.reflect.DelegatingMethodAccessorImpl.invoke(DelegatingMethodAccessorImpl.java:43)
	at java.lang.reflect.Method.invoke(Method.java:498)
	at org.eclipse.equinox.launcher.Main.invokeFramework(Main.java:669)
	at org.eclipse.equinox.launcher.Main.basicRun(Main.java:608)
	at org.eclipse.equinox.launcher.Main.run(Main.java:1515)
	at org.eclipse.equinox.launcher.Main.main(Main.java:1488)
2019-02-25 13:48:37,141 [ERROR]  - An internal error occurred
java.net.SocketException: Connection reset
	at java.net.SocketInputStream.read(SocketInputStream.java:209)
	at java.net.SocketInputStream.read(SocketInputStream.java:141)
	at java.io.BufferedInputStream.fill(BufferedInputStream.java:246)
	at java.io.BufferedInputStream.read1(BufferedInputStream.java:286)
	at java.io.BufferedInputStream.read(BufferedInputStream.java:345)
	at java.io.FilterInputStream.read(FilterInputStream.java:107)
	at com.openedge.core.runtime.AVMConnection.readIncomingMessage(AVMConnection.java:95)
	at com.openedge.core.runtime.AVMConnection$1.run(AVMConnection.java:425)
	at java.lang.Thread.run(Thread.java:745)
